<?xml version="1.0" encoding="UTF-8"?>
<!-- Generated by org.testng.reporters.JUnitXMLReporter -->
<testsuite ignored="0" hostname="USBLRMUMAR1" failures="1" tests="6" name="Test" time="0.324" errors="0" timestamp="2023-07-20T18:56:38 IST">
  <testcase classname="base.BaseTest" name="@BeforeMethod beforeMethodMethod" time="-1.689859598573E9">
    <failure type="org.testng.TestNGException" message="
Method beforeMethodMethod requires 2 parameters but 1 were supplied in the BeforeMethod annotation.">
      <![CDATA[org.testng.TestNGException: 
Method beforeMethodMethod requires 2 parameters but 1 were supplied in the BeforeMethod annotation.
at java.base/java.util.ArrayList.forEach(ArrayList.java:1511)
... Removed 28 stack frames]]>
    </failure>
  </testcase> <!-- @BeforeMethod beforeMethodMethod -->
  <testcase classname="base.BaseTest" name="@AfterMethod aftermethod" time="-1.689859598588E9">
    <skipped/>
  </testcase> <!-- @AfterMethod aftermethod -->
  <testcase classname="base.BaseTest" name="@BeforeMethod beforeMethodMethod" time="-1.68985959859E9">
    <skipped/>
  </testcase> <!-- @BeforeMethod beforeMethodMethod -->
  <testcase classname="base.BaseTest" name="@AfterMethod aftermethod" time="-1.689859598595E9">
    <skipped/>
  </testcase> <!-- @AfterMethod aftermethod -->
  <testcase classname="base.BaseTest" name="@BeforeMethod beforeMethodMethod" time="-1.689859598596E9">
    <skipped/>
  </testcase> <!-- @BeforeMethod beforeMethodMethod -->
  <testcase classname="base.BaseTest" name="@AfterMethod aftermethod" time="-1.6898595986E9">
    <skipped/>
  </testcase> <!-- @AfterMethod aftermethod -->
  <testcase classname="qa.Test.Testcase1" name="sampleMethodforenteringCredential" time="0.0">
    <skipped/>
  </testcase> <!-- sampleMethodforenteringCredential -->
  <testcase classname="qa.Test.Testcase1" name="test2" time="0.0">
    <skipped/>
  </testcase> <!-- test2 -->
  <testcase classname="qa.Test.Testcase1" name="test3" time="0.0">
    <skipped/>
  </testcase> <!-- test3 -->
  <testcase classname="qa.Test.Testcase2" name="test1" time="0.008">
    <skipped/>
  </testcase> <!-- test1 -->
  <testcase classname="qa.Test.Testcase2" name="test1" time="0.001">
    <failure type="java.lang.NullPointerException" message="Cannot invoke &amp;quot;org.openqa.selenium.WebDriver.findElement(org.openqa.selenium.By)&amp;quot; because &amp;quot;base.BaseTest.driver&amp;quot; is null">
      <![CDATA[java.lang.NullPointerException: Cannot invoke "org.openqa.selenium.WebDriver.findElement(org.openqa.selenium.By)" because "base.BaseTest.driver" is null
at Utils.ElementFetch.getWebElement(ElementFetch.java:17)
at pageEvents.HomePageEvents.clickNextButton(HomePageEvents.java:10)
at qa.Test.Testcase2.test1(Testcase2.java:19)
at java.base/java.util.ArrayList.forEach(ArrayList.java:1511)
... Removed 27 stack frames]]>
    </failure>
  </testcase> <!-- test1 -->
  <testcase classname="qa.Test.Testcase2" name="test2" time="0.001"/>
</testsuite> <!-- Test -->
