<?xml version="1.0" encoding="UTF-8"?>
<!-- Generated by org.testng.reporters.JUnitXMLReporter -->
<testsuite ignored="0" hostname="USBLRMUMAR1" failures="0" tests="2" name="test2" time="0.249" errors="0" timestamp="2023-07-20T13:26:23 IST">
  <testcase classname="base.BaseTest" name="@BeforeMethod beforeMethodMethod" time="-1.689839783679E9">
    <failure type="org.testng.TestNGException" message="
Method beforeMethodMethod requires 2 parameters but 1 were supplied in the BeforeMethod annotation.">
      <![CDATA[org.testng.TestNGException: 
Method beforeMethodMethod requires 2 parameters but 1 were supplied in the BeforeMethod annotation.
at java.base/java.util.ArrayList.forEach(ArrayList.java:1511)
... Removed 28 stack frames]]>
    </failure>
  </testcase> <!-- @BeforeMethod beforeMethodMethod -->
  <testcase classname="base.BaseTest" name="@AfterMethod aftermethod" time="-1.689839783694E9">
    <skipped/>
  </testcase> <!-- @AfterMethod aftermethod -->
  <testcase classname="base.BaseTest" name="@BeforeMethod beforeMethodMethod" time="-1.689839783697E9">
    <skipped/>
  </testcase> <!-- @BeforeMethod beforeMethodMethod -->
  <testcase classname="base.BaseTest" name="@AfterMethod aftermethod" time="-1.689839783702E9">
    <skipped/>
  </testcase> <!-- @AfterMethod aftermethod -->
  <testcase classname="qa.Test.Testcase1" name="sampleMethodforenteringCredential" time="0.0">
    <skipped/>
  </testcase> <!-- sampleMethodforenteringCredential -->
  <testcase classname="qa.Test.Testcase1" name="test2" time="0.0">
    <skipped/>
  </testcase> <!-- test2 -->
</testsuite> <!-- test2 -->
